# JRE version: OpenJDK Runtime Environment (21.0.4) (build 21.0.4+-12508038-b607.1)
# Java VM: OpenJDK 64-Bit Server VM (21.0.4+-12508038-b607.1, mixed mode, tiered, compressed oops, compressed class ptrs, g1 gc, windows-amd64)
GC Precious Log:
 CardTable entry size: 512
 Card Set container configuration: InlinePtr #cards 5 size 8 Array Of Cards #cards 12 size 40 Howl #buckets 4 coarsen threshold 1843 Howl Bitmap #cards 512 size 80 coarsen threshold 460 Card regions per heap region 1 cards per card region 2048
 CPUs: 24 total, 24 available
 Memory: 16091M
 Large Page Support: Disabled
 NUMA Support: Disabled
 Compressed Oops: Enabled (32-bit)
 Heap Region Size: 1M
 Heap Min Capacity: 8M
 Heap Initial Capacity: 252M
 Heap Max Capacity: 2G
 Pre-touch: Disabled
 Parallel Workers: 18
 Concurrent Workers: 5
 Concurrent Refinement Workers: 18
 Periodic GC: Disabled
Heap:
 garbage-first heap   total 268288K, used 156004K [0x0000000080000000, 0x0000000100000000)
  region size 1024K, 3 young (3072K), 3 survivors (3072K)
 Metaspace       used 120933K, committed 123136K, reserved 1179648K
  class space    used 16031K, committed 17152K, reserved 1048576K
GC Heap History (20 events):
Event: 14.607 GC heap after
{Heap after GC invocations=28 (full 0):
 garbage-first heap   total 202752K, used 101341K [0x0000000080000000, 0x0000000100000000)
  region size 1024K, 7 young (7168K), 7 survivors (7168K)
 Metaspace       used 101764K, committed 103872K, reserved 1179648K
  class space    used 13942K, committed 15040K, reserved 1048576K
}
Event: 15.121 GC heap before
{Heap before GC invocations=28 (full 0):
 garbage-first heap   total 202752K, used 180189K [0x0000000080000000, 0x0000000100000000)
  region size 1024K, 84 young (86016K), 7 survivors (7168K)
 Metaspace       used 103372K, committed 105472K, reserved 1179648K
  class space    used 14088K, committed 15168K, reserved 1048576K
}
Event: 15.132 GC heap after
{Heap after GC invocations=29 (full 0):
 garbage-first heap   total 202752K, used 106376K [0x0000000080000000, 0x0000000100000000)
  region size 1024K, 11 young (11264K), 11 survivors (11264K)
 Metaspace       used 103372K, committed 105472K, reserved 1179648K
  class space    used 14088K, committed 15168K, reserved 1048576K
}
Event: 15.728 GC heap before
{Heap before GC invocations=29 (full 0):
 garbage-first heap   total 202752K, used 180104K [0x0000000080000000, 0x0000000100000000)
  region size 1024K, 83 young (84992K), 11 survivors (11264K)
 Metaspace       used 109459K, committed 111680K, reserved 1179648K
  class space    used 14939K, committed 16064K, reserved 1048576K
}
Event: 15.736 GC heap after
{Heap after GC invocations=30 (full 0):
 garbage-first heap   total 202752K, used 110911K [0x0000000080000000, 0x0000000100000000)
  region size 1024K, 5 young (5120K), 5 survivors (5120K)
 Metaspace       used 109459K, committed 111680K, reserved 1179648K
  class space    used 14939K, committed 16064K, reserved 1048576K
}
Event: 16.098 GC heap before
{Heap before GC invocations=31 (full 0):
 garbage-first heap   total 202752K, used 183615K [0x0000000080000000, 0x0000000100000000)
  region size 1024K, 77 young (78848K), 5 survivors (5120K)
 Metaspace       used 110879K, committed 113088K, reserved 1179648K
  class space    used 15131K, committed 16256K, reserved 1048576K
}
Event: 16.102 GC heap after
{Heap after GC invocations=32 (full 0):
 garbage-first heap   total 202752K, used 117953K [0x0000000080000000, 0x0000000100000000)
  region size 1024K, 10 young (10240K), 10 survivors (10240K)
 Metaspace       used 110879K, committed 113088K, reserved 1179648K
  class space    used 15131K, committed 16256K, reserved 1048576K
}
Event: 16.575 GC heap before
{Heap before GC invocations=32 (full 0):
 garbage-first heap   total 202752K, used 184513K [0x0000000080000000, 0x0000000100000000)
  region size 1024K, 71 young (72704K), 10 survivors (10240K)
 Metaspace       used 114442K, committed 116608K, reserved 1179648K
  class space    used 15477K, committed 16576K, reserved 1048576K
}
Event: 16.580 GC heap after
{Heap after GC invocations=33 (full 0):
 garbage-first heap   total 202752K, used 120667K [0x0000000080000000, 0x0000000100000000)
  region size 1024K, 7 young (7168K), 7 survivors (7168K)
 Metaspace       used 114442K, committed 116608K, reserved 1179648K
  class space    used 15477K, committed 16576K, reserved 1048576K
}
Event: 16.776 GC heap before
{Heap before GC invocations=33 (full 0):
 garbage-first heap   total 202752K, used 138075K [0x0000000080000000, 0x0000000100000000)
  region size 1024K, 26 young (26624K), 7 survivors (7168K)
 Metaspace       used 114540K, committed 116672K, reserved 1179648K
  class space    used 15478K, committed 16576K, reserved 1048576K
}
Event: 16.780 GC heap after
{Heap after GC invocations=34 (full 0):
 garbage-first heap   total 202752K, used 128891K [0x0000000080000000, 0x0000000100000000)
  region size 1024K, 8 young (8192K), 8 survivors (8192K)
 Metaspace       used 114540K, committed 116672K, reserved 1179648K
  class space    used 15478K, committed 16576K, reserved 1048576K
}
Event: 17.226 GC heap before
{Heap before GC invocations=35 (full 0):
 garbage-first heap   total 230400K, used 197499K [0x0000000080000000, 0x0000000100000000)
  region size 1024K, 60 young (61440K), 8 survivors (8192K)
 Metaspace       used 115124K, committed 117376K, reserved 1179648K
  class space    used 15525K, committed 16704K, reserved 1048576K
}
Event: 17.232 GC heap after
{Heap after GC invocations=36 (full 0):
 garbage-first heap   total 230400K, used 148885K [0x0000000080000000, 0x0000000100000000)
  region size 1024K, 8 young (8192K), 8 survivors (8192K)
 Metaspace       used 115124K, committed 117376K, reserved 1179648K
  class space    used 15525K, committed 16704K, reserved 1048576K
}
Event: 17.562 GC heap before
{Heap before GC invocations=36 (full 0):
 garbage-first heap   total 230400K, used 213397K [0x0000000080000000, 0x0000000100000000)
  region size 1024K, 57 young (58368K), 8 survivors (8192K)
 Metaspace       used 115733K, committed 118016K, reserved 1179648K
  class space    used 15577K, committed 16768K, reserved 1048576K
}
Event: 17.567 GC heap after
{Heap after GC invocations=37 (full 0):
 garbage-first heap   total 232448K, used 152687K [0x0000000080000000, 0x0000000100000000)
  region size 1024K, 6 young (6144K), 6 survivors (6144K)
 Metaspace       used 115733K, committed 118016K, reserved 1179648K
  class space    used 15577K, committed 16768K, reserved 1048576K
}
Event: 17.703 GC heap before
{Heap before GC invocations=37 (full 0):
 garbage-first heap   total 232448K, used 202863K [0x0000000080000000, 0x0000000100000000)
  region size 1024K, 56 young (57344K), 6 survivors (6144K)
 Metaspace       used 118770K, committed 121024K, reserved 1179648K
  class space    used 15779K, committed 16896K, reserved 1048576K
}
Event: 17.706 GC heap after
{Heap after GC invocations=38 (full 0):
 garbage-first heap   total 232448K, used 159864K [0x0000000080000000, 0x0000000100000000)
  region size 1024K, 7 young (7168K), 7 survivors (7168K)
 Metaspace       used 118770K, committed 121024K, reserved 1179648K
  class space    used 15779K, committed 16896K, reserved 1048576K
}
Event: 17.823 GC heap before
{Heap before GC invocations=39 (full 0):
 garbage-first heap   total 268288K, used 206968K [0x0000000080000000, 0x0000000100000000)
  region size 1024K, 54 young (55296K), 7 survivors (7168K)
 Metaspace       used 119461K, committed 121664K, reserved 1179648K
  class space    used 15882K, committed 17024K, reserved 1048576K
}
Event: 17.827 GC heap after
{Heap after GC invocations=40 (full 0):
 garbage-first heap   total 268288K, used 164516K [0x0000000080000000, 0x0000000100000000)
  region size 1024K, 6 young (6144K), 6 survivors (6144K)
 Metaspace       used 119461K, committed 121664K, reserved 1179648K
  class space    used 15882K, committed 17024K, reserved 1048576K
}
Event: 18.029 GC heap before
{Heap before GC invocations=40 (full 0):
 garbage-first heap   total 268288K, used 251556K [0x0000000080000000, 0x0000000100000000)
  region size 1024K, 72 young (73728K), 6 survivors (6144K)
 Metaspace       used 120933K, committed 123136K, reserved 1179648K
  class space    used 16031K, committed 17152K, reserved 1048576K
}

