# JRE version: OpenJDK Runtime Environment (21.0.4) (build 21.0.4+-12508038-b607.1)
# Java VM: OpenJDK 64-Bit Server VM (21.0.4+-12508038-b607.1, mixed mode, tiered, compressed oops, compressed class ptrs, g1 gc, windows-amd64)
GC Precious Log:
 CardTable entry size: 512
 Card Set container configuration: InlinePtr #cards 5 size 8 Array Of Cards #cards 12 size 40 Howl #buckets 4 coarsen threshold 1843 Howl Bitmap #cards 512 size 80 coarsen threshold 460 Card regions per heap region 1 cards per card region 2048
 CPUs: 24 total, 24 available
 Memory: 16091M
 Large Page Support: Disabled
 NUMA Support: Disabled
 Compressed Oops: Enabled (32-bit)
 Heap Region Size: 1M
 Heap Min Capacity: 8M
 Heap Initial Capacity: 252M
 Heap Max Capacity: 2G
 Pre-touch: Disabled
 Parallel Workers: 18
 Concurrent Workers: 5
 Concurrent Refinement Workers: 18
 Periodic GC: Disabled
Heap:
 garbage-first heap   total 321536K, used 289746K [0x0000000080000000, 0x0000000100000000)
  region size 1024K, 134 young (137216K), 10 survivors (10240K)
 Metaspace       used 145708K, committed 148160K, reserved 1179648K
  class space    used 19710K, committed 20992K, reserved 1048576K
GC Heap History (20 events):
Event: 278.411 GC heap before
{Heap before GC invocations=37 (full 0):
 garbage-first heap   total 229376K, used 202855K [0x0000000080000000, 0x0000000100000000)
  region size 1024K, 86 young (88064K), 12 survivors (12288K)
 Metaspace       used 118343K, committed 120576K, reserved 1179648K
  class space    used 16049K, committed 17216K, reserved 1048576K
}
Event: 278.426 GC heap after
{Heap after GC invocations=38 (full 0):
 garbage-first heap   total 229376K, used 134648K [0x0000000080000000, 0x0000000100000000)
  region size 1024K, 6 young (6144K), 6 survivors (6144K)
 Metaspace       used 118343K, committed 120576K, reserved 1179648K
  class space    used 16049K, committed 17216K, reserved 1048576K
}
Event: 279.325 GC heap before
{Heap before GC invocations=39 (full 0):
 garbage-first heap   total 229376K, used 208376K [0x0000000080000000, 0x0000000100000000)
  region size 1024K, 79 young (80896K), 6 survivors (6144K)
 Metaspace       used 121390K, committed 123648K, reserved 1179648K
  class space    used 16379K, committed 17536K, reserved 1048576K
}
Event: 279.331 GC heap after
{Heap after GC invocations=40 (full 0):
 garbage-first heap   total 229376K, used 144206K [0x0000000080000000, 0x0000000100000000)
  region size 1024K, 10 young (10240K), 10 survivors (10240K)
 Metaspace       used 121390K, committed 123648K, reserved 1179648K
  class space    used 16379K, committed 17536K, reserved 1048576K
}
Event: 285.163 GC heap before
{Heap before GC invocations=40 (full 0):
 garbage-first heap   total 229376K, used 209742K [0x0000000080000000, 0x0000000100000000)
  region size 1024K, 70 young (71680K), 10 survivors (10240K)
 Metaspace       used 127960K, committed 130304K, reserved 1179648K
  class space    used 17238K, committed 18432K, reserved 1048576K
}
Event: 285.169 GC heap after
{Heap after GC invocations=41 (full 0):
 garbage-first heap   total 229376K, used 146208K [0x0000000080000000, 0x0000000100000000)
  region size 1024K, 4 young (4096K), 4 survivors (4096K)
 Metaspace       used 127960K, committed 130304K, reserved 1179648K
  class space    used 17238K, committed 18432K, reserved 1048576K
}
Event: 285.654 GC heap before
{Heap before GC invocations=41 (full 0):
 garbage-first heap   total 229376K, used 209696K [0x0000000080000000, 0x0000000100000000)
  region size 1024K, 67 young (68608K), 4 survivors (4096K)
 Metaspace       used 137465K, committed 139776K, reserved 1179648K
  class space    used 18643K, committed 19840K, reserved 1048576K
}
Event: 285.658 GC heap after
{Heap after GC invocations=42 (full 0):
 garbage-first heap   total 229376K, used 147696K [0x0000000080000000, 0x0000000100000000)
  region size 1024K, 5 young (5120K), 5 survivors (5120K)
 Metaspace       used 137465K, committed 139776K, reserved 1179648K
  class space    used 18643K, committed 19840K, reserved 1048576K
}
Event: 286.251 GC heap before
{Heap before GC invocations=43 (full 0):
 garbage-first heap   total 251904K, used 243952K [0x0000000080000000, 0x0000000100000000)
  region size 1024K, 66 young (67584K), 5 survivors (5120K)
 Metaspace       used 143277K, committed 145728K, reserved 1179648K
  class space    used 19597K, committed 20864K, reserved 1048576K
}
Event: 286.256 GC heap after
{Heap after GC invocations=44 (full 0):
 garbage-first heap   total 253952K, used 150383K [0x0000000080000000, 0x0000000100000000)
  region size 1024K, 8 young (8192K), 8 survivors (8192K)
 Metaspace       used 143277K, committed 145728K, reserved 1179648K
  class space    used 19597K, committed 20864K, reserved 1048576K
}
Event: 368.661 GC heap before
{Heap before GC invocations=44 (full 0):
 garbage-first heap   total 253952K, used 230255K [0x0000000080000000, 0x0000000100000000)
  region size 1024K, 87 young (89088K), 8 survivors (8192K)
 Metaspace       used 143583K, committed 145984K, reserved 1179648K
  class space    used 19611K, committed 20864K, reserved 1048576K
}
Event: 368.672 GC heap after
{Heap after GC invocations=45 (full 0):
 garbage-first heap   total 258048K, used 142498K [0x0000000080000000, 0x0000000100000000)
  region size 1024K, 11 young (11264K), 11 survivors (11264K)
 Metaspace       used 143583K, committed 145984K, reserved 1179648K
  class space    used 19611K, committed 20864K, reserved 1048576K
}
Event: 378.988 GC heap before
{Heap before GC invocations=45 (full 0):
 garbage-first heap   total 258048K, used 256162K [0x0000000080000000, 0x0000000100000000)
  region size 1024K, 89 young (91136K), 11 survivors (11264K)
 Metaspace       used 143885K, committed 146304K, reserved 1179648K
  class space    used 19613K, committed 20864K, reserved 1048576K
}
Event: 378.994 GC heap after
{Heap after GC invocations=46 (full 0):
 garbage-first heap   total 275456K, used 147409K [0x0000000080000000, 0x0000000100000000)
  region size 1024K, 11 young (11264K), 11 survivors (11264K)
 Metaspace       used 143885K, committed 146304K, reserved 1179648K
  class space    used 19613K, committed 20864K, reserved 1048576K
}
Event: 392.566 GC heap before
{Heap before GC invocations=46 (full 0):
 garbage-first heap   total 275456K, used 247761K [0x0000000080000000, 0x0000000100000000)
  region size 1024K, 110 young (112640K), 11 survivors (11264K)
 Metaspace       used 144519K, committed 146880K, reserved 1179648K
  class space    used 19640K, committed 20864K, reserved 1048576K
}
Event: 392.573 GC heap after
{Heap after GC invocations=47 (full 0):
 garbage-first heap   total 275456K, used 157318K [0x0000000080000000, 0x0000000100000000)
  region size 1024K, 14 young (14336K), 14 survivors (14336K)
 Metaspace       used 144519K, committed 146880K, reserved 1179648K
  class space    used 19640K, committed 20864K, reserved 1048576K
}
Event: 611.137 GC heap before
{Heap before GC invocations=48 (full 0):
 garbage-first heap   total 321536K, used 277126K [0x0000000080000000, 0x0000000100000000)
  region size 1024K, 98 young (100352K), 14 survivors (14336K)
 Metaspace       used 144655K, committed 147008K, reserved 1179648K
  class space    used 19630K, committed 20864K, reserved 1048576K
}
Event: 611.143 GC heap after
{Heap after GC invocations=49 (full 0):
 garbage-first heap   total 321536K, used 164118K [0x0000000080000000, 0x0000000100000000)
  region size 1024K, 8 young (8192K), 8 survivors (8192K)
 Metaspace       used 144655K, committed 147008K, reserved 1179648K
  class space    used 19630K, committed 20864K, reserved 1048576K
}
Event: 646.731 GC heap before
{Heap before GC invocations=49 (full 0):
 garbage-first heap   total 321536K, used 290070K [0x0000000080000000, 0x0000000100000000)
  region size 1024K, 131 young (134144K), 8 survivors (8192K)
 Metaspace       used 145371K, committed 147776K, reserved 1179648K
  class space    used 19700K, committed 20928K, reserved 1048576K
}
Event: 646.738 GC heap after
{Heap after GC invocations=50 (full 0):
 garbage-first heap   total 321536K, used 163794K [0x0000000080000000, 0x0000000100000000)
  region size 1024K, 10 young (10240K), 10 survivors (10240K)
 Metaspace       used 145371K, committed 147776K, reserved 1179648K
  class space    used 19700K, committed 20928K, reserved 1048576K
}

