# JRE version: OpenJDK Runtime Environment (21.0.4) (build 21.0.4+-12508038-b607.1)
# Java VM: OpenJDK 64-Bit Server VM (21.0.4+-12508038-b607.1, mixed mode, tiered, compressed oops, compressed class ptrs, g1 gc, windows-amd64)
GC Precious Log:
 CardTable entry size: 512
 Card Set container configuration: InlinePtr #cards 5 size 8 Array Of Cards #cards 12 size 40 Howl #buckets 4 coarsen threshold 1843 Howl Bitmap #cards 512 size 80 coarsen threshold 460 Card regions per heap region 1 cards per card region 2048
 CPUs: 24 total, 24 available
 Memory: 16091M
 Large Page Support: Disabled
 NUMA Support: Disabled
 Compressed Oops: Enabled (32-bit)
 Heap Region Size: 1M
 Heap Min Capacity: 8M
 Heap Initial Capacity: 252M
 Heap Max Capacity: 2G
 Pre-touch: Disabled
 Parallel Workers: 18
 Concurrent Workers: 5
 Concurrent Refinement Workers: 18
 Periodic GC: Disabled
Heap:
 garbage-first heap   total 189440K, used 177352K [0x0000000080000000, 0x0000000100000000)
  region size 1024K, 61 young (62464K), 6 survivors (6144K)
 Metaspace       used 113040K, committed 115136K, reserved 1179648K
  class space    used 15302K, committed 16320K, reserved 1048576K
GC Heap History (20 events):
Event: 5.996 GC heap before
{Heap before GC invocations=20 (full 0):
 garbage-first heap   total 143360K, used 138762K [0x0000000080000000, 0x0000000100000000)
  region size 1024K, 78 young (79872K), 6 survivors (6144K)
 Metaspace       used 73164K, committed 74944K, reserved 1114112K
  class space    used 9801K, committed 10688K, reserved 1048576K
}
Event: 6.001 GC heap after
{Heap after GC invocations=21 (full 0):
 garbage-first heap   total 154624K, used 73037K [0x0000000080000000, 0x0000000100000000)
  region size 1024K, 10 young (10240K), 10 survivors (10240K)
 Metaspace       used 73164K, committed 74944K, reserved 1114112K
  class space    used 9801K, committed 10688K, reserved 1048576K
}
Event: 6.460 GC heap before
{Heap before GC invocations=21 (full 0):
 garbage-first heap   total 154624K, used 139597K [0x0000000080000000, 0x0000000100000000)
  region size 1024K, 70 young (71680K), 10 survivors (10240K)
 Metaspace       used 78851K, committed 80704K, reserved 1179648K
  class space    used 10592K, committed 11520K, reserved 1048576K
}
Event: 6.465 GC heap after
{Heap after GC invocations=22 (full 0):
 garbage-first heap   total 157696K, used 79254K [0x0000000080000000, 0x0000000100000000)
  region size 1024K, 6 young (6144K), 6 survivors (6144K)
 Metaspace       used 78851K, committed 80704K, reserved 1179648K
  class space    used 10592K, committed 11520K, reserved 1048576K
}
Event: 6.892 GC heap before
{Heap before GC invocations=22 (full 0):
 garbage-first heap   total 157696K, used 134550K [0x0000000080000000, 0x0000000100000000)
  region size 1024K, 61 young (62464K), 6 survivors (6144K)
 Metaspace       used 83945K, committed 85824K, reserved 1179648K
  class space    used 11245K, committed 12160K, reserved 1048576K
}
Event: 6.896 GC heap after
{Heap after GC invocations=23 (full 0):
 garbage-first heap   total 157696K, used 81793K [0x0000000080000000, 0x0000000100000000)
  region size 1024K, 4 young (4096K), 4 survivors (4096K)
 Metaspace       used 83945K, committed 85824K, reserved 1179648K
  class space    used 11245K, committed 12160K, reserved 1048576K
}
Event: 7.342 GC heap before
{Heap before GC invocations=24 (full 0):
 garbage-first heap   total 157696K, used 146305K [0x0000000080000000, 0x0000000100000000)
  region size 1024K, 63 young (64512K), 4 survivors (4096K)
 Metaspace       used 88235K, committed 90112K, reserved 1179648K
  class space    used 11798K, committed 12736K, reserved 1048576K
}
Event: 7.346 GC heap after
{Heap after GC invocations=25 (full 0):
 garbage-first heap   total 189440K, used 91816K [0x0000000080000000, 0x0000000100000000)
  region size 1024K, 8 young (8192K), 8 survivors (8192K)
 Metaspace       used 88235K, committed 90112K, reserved 1179648K
  class space    used 11798K, committed 12736K, reserved 1048576K
}
Event: 7.758 GC heap before
{Heap before GC invocations=25 (full 0):
 garbage-first heap   total 189440K, used 164520K [0x0000000080000000, 0x0000000100000000)
  region size 1024K, 79 young (80896K), 8 survivors (8192K)
 Metaspace       used 91832K, committed 93760K, reserved 1179648K
  class space    used 12278K, committed 13248K, reserved 1048576K
}
Event: 7.763 GC heap after
{Heap after GC invocations=26 (full 0):
 garbage-first heap   total 189440K, used 94665K [0x0000000080000000, 0x0000000100000000)
  region size 1024K, 6 young (6144K), 6 survivors (6144K)
 Metaspace       used 91832K, committed 93760K, reserved 1179648K
  class space    used 12278K, committed 13248K, reserved 1048576K
}
Event: 8.293 GC heap before
{Heap before GC invocations=26 (full 0):
 garbage-first heap   total 189440K, used 165321K [0x0000000080000000, 0x0000000100000000)
  region size 1024K, 75 young (76800K), 6 survivors (6144K)
 Metaspace       used 97403K, committed 99392K, reserved 1179648K
  class space    used 13213K, committed 14208K, reserved 1048576K
}
Event: 8.297 GC heap after
{Heap after GC invocations=27 (full 0):
 garbage-first heap   total 189440K, used 97102K [0x0000000080000000, 0x0000000100000000)
  region size 1024K, 8 young (8192K), 8 survivors (8192K)
 Metaspace       used 97403K, committed 99392K, reserved 1179648K
  class space    used 13213K, committed 14208K, reserved 1048576K
}
Event: 8.814 GC heap before
{Heap before GC invocations=28 (full 0):
 garbage-first heap   total 189440K, used 168782K [0x0000000080000000, 0x0000000100000000)
  region size 1024K, 78 young (79872K), 8 survivors (8192K)
 Metaspace       used 102555K, committed 104576K, reserved 1179648K
  class space    used 14021K, committed 15040K, reserved 1048576K
}
Event: 8.821 GC heap after
{Heap after GC invocations=29 (full 0):
 garbage-first heap   total 189440K, used 101310K [0x0000000080000000, 0x0000000100000000)
  region size 1024K, 8 young (8192K), 8 survivors (8192K)
 Metaspace       used 102555K, committed 104576K, reserved 1179648K
  class space    used 14021K, committed 15040K, reserved 1048576K
}
Event: 9.353 GC heap before
{Heap before GC invocations=29 (full 0):
 garbage-first heap   total 189440K, used 169918K [0x0000000080000000, 0x0000000100000000)
  region size 1024K, 75 young (76800K), 8 survivors (8192K)
 Metaspace       used 107859K, committed 109952K, reserved 1179648K
  class space    used 14714K, committed 15744K, reserved 1048576K
}
Event: 9.359 GC heap after
{Heap after GC invocations=30 (full 0):
 garbage-first heap   total 189440K, used 105852K [0x0000000080000000, 0x0000000100000000)
  region size 1024K, 10 young (10240K), 10 survivors (10240K)
 Metaspace       used 107859K, committed 109952K, reserved 1179648K
  class space    used 14714K, committed 15744K, reserved 1048576K
}
Event: 9.599 GC heap before
{Heap before GC invocations=30 (full 0):
 garbage-first heap   total 189440K, used 167292K [0x0000000080000000, 0x0000000100000000)
  region size 1024K, 71 young (72704K), 10 survivors (10240K)
 Metaspace       used 109349K, committed 111552K, reserved 1179648K
  class space    used 14957K, committed 16064K, reserved 1048576K
}
Event: 9.604 GC heap after
{Heap after GC invocations=31 (full 0):
 garbage-first heap   total 189440K, used 111395K [0x0000000080000000, 0x0000000100000000)
  region size 1024K, 6 young (6144K), 6 survivors (6144K)
 Metaspace       used 109349K, committed 111552K, reserved 1179648K
  class space    used 14957K, committed 16064K, reserved 1048576K
}
Event: 10.156 GC heap before
{Heap before GC invocations=32 (full 0):
 garbage-first heap   total 189440K, used 176931K [0x0000000080000000, 0x0000000100000000)
  region size 1024K, 66 young (67584K), 6 survivors (6144K)
 Metaspace       used 112584K, committed 114752K, reserved 1179648K
  class space    used 15262K, committed 16320K, reserved 1048576K
}
Event: 10.161 GC heap after
{Heap after GC invocations=33 (full 0):
 garbage-first heap   total 189440K, used 113864K [0x0000000080000000, 0x0000000100000000)
  region size 1024K, 6 young (6144K), 6 survivors (6144K)
 Metaspace       used 112584K, committed 114752K, reserved 1179648K
  class space    used 15262K, committed 16320K, reserved 1048576K
}

